<?xml version="1.0" encoding="UTF-8"?>
<!-- Generated by org.testng.reporters.JUnitReportReporter -->
<testsuite hostname="MyDELL-PC" failures="0" tests="1" name="test.TestFacebookSignup" time="6.675" errors="0" timestamp="11 Apr 2021 02:23:20 GMT" skipped="0">
  <testcase classname="test.TestFacebookSignup" name="submitdata" time="6.675"/>
</testsuite> <!-- test.TestFacebookSignup -->
