<?xml version="1.0" encoding="UTF-8"?>
<!-- Generated by org.testng.reporters.JUnitReportReporter -->
<testsuite hostname="MyDELL-PC" failures="0" tests="1" name="test.TestFramework" time="3.952" errors="0" timestamp="10 Apr 2021 21:58:49 GMT" skipped="0">
  <testcase classname="test.TestFramework" name="submitdata" time="3.952"/>
</testsuite> <!-- test.TestFramework -->
