<?xml version="1.0" encoding="UTF-8"?>
<!-- Generated by org.testng.reporters.JUnitReportReporter -->
<testsuite hostname="MyDELL-PC" failures="0" tests="1" name="test.TestActitimeCreateAtypeOfWork" time="13.902" errors="0" timestamp="12 Apr 2021 02:29:00 GMT" skipped="0">
  <testcase classname="test.TestActitimeCreateAtypeOfWork" name="submitdata" time="13.902"/>
</testsuite> <!-- test.TestActitimeCreateAtypeOfWork -->
