<?xml version="1.0" encoding="UTF-8"?>
<!-- Generated by org.testng.reporters.JUnitReportReporter -->
<testsuite hostname="MyDELL-PC" failures="0" tests="1" name="test.TestActitimeCreateALeaveType" time="9.471" errors="0" timestamp="12 Apr 2021 21:41:20 GMT" skipped="0">
  <testcase classname="test.TestActitimeCreateALeaveType" name="submitdata" time="9.471"/>
</testsuite> <!-- test.TestActitimeCreateALeaveType -->
