<?xml version="1.0" encoding="UTF-8"?>
<!-- Generated by org.testng.reporters.JUnitReportReporter -->
<testsuite hostname="MyDELL-PC" failures="0" tests="1" name="test.TestActitimeEditLeaveType" time="10.945" errors="0" timestamp="12 Apr 2021 21:57:11 GMT" skipped="0">
  <testcase classname="test.TestActitimeEditLeaveType" name="submitdata" time="10.945"/>
</testsuite> <!-- test.TestActitimeEditLeaveType -->
