<?xml version="1.0" encoding="UTF-8"?>
<!-- Generated by org.testng.reporters.JUnitReportReporter -->
<testsuite hostname="MyDELL-PC" failures="0" tests="1" name="test.TestActitimeloginlogout" time="8.040" errors="0" timestamp="12 Apr 2021 02:27:57 GMT" skipped="0">
  <testcase classname="test.TestActitimeloginlogout" name="submitdata" time="8.040"/>
</testsuite> <!-- test.TestActitimeloginlogout -->
