<?xml version="1.0" encoding="UTF-8"?>
<!-- Generated by org.testng.reporters.JUnitReportReporter -->
<testsuite hostname="MyDELL-PC" failures="0" tests="1" name="test.TestActitimeDeleteLeaveType" time="10.412" errors="0" timestamp="12 Apr 2021 22:13:23 GMT" skipped="0">
  <testcase classname="test.TestActitimeDeleteLeaveType" name="submitdata" time="10.412"/>
</testsuite> <!-- test.TestActitimeDeleteLeaveType -->
