<?xml version="1.0" encoding="UTF-8"?>
<!-- Generated by org.testng.reporters.JUnitReportReporter -->
<testsuite hostname="MyDELL-PC" failures="0" tests="1" name="test.TestActitimeDeleteTypeOfWork" time="12.357" errors="0" timestamp="12 Apr 2021 02:43:20 GMT" skipped="0">
  <testcase classname="test.TestActitimeDeleteTypeOfWork" name="submitdata" time="12.357"/>
</testsuite> <!-- test.TestActitimeDeleteTypeOfWork -->
