<?xml version="1.0" encoding="UTF-8"?>
<!-- Generated by org.testng.reporters.JUnitReportReporter -->
<testsuite hostname="MyDELL-PC" failures="0" tests="1" name="test.TestActitimeCreateACustomer" time="19.610" errors="0" timestamp="12 Apr 2021 02:28:38 GMT" skipped="0">
  <testcase classname="test.TestActitimeCreateACustomer" name="Submitdata" time="19.610"/>
</testsuite> <!-- test.TestActitimeCreateACustomer -->
